17/05/2017 à 08:02:14 [DEBUG] [ConfigParser.java:createFromClasspathConfig:88] ISO8583 Parsing config from classpath file j8583.xml
17/05/2017 à 08:02:16 [INFO ] [AbstractIso8583Connector.java:init:69] Initializing
17/05/2017 à 08:02:16 [DEBUG] [Slf4JLogger.java:debug:71] Using SLF4J as the default logging framework
17/05/2017 à 08:02:16 [DEBUG] [Slf4JLogger.java:debug:76] -Dio.netty.eventLoopThreads: 8
17/05/2017 à 08:02:16 [DEBUG] [Slf4JLogger.java:debug:76] -Dio.netty.noUnsafe: false
17/05/2017 à 08:02:16 [DEBUG] [Slf4JLogger.java:debug:71] sun.misc.Unsafe.theUnsafe: available
17/05/2017 à 08:02:16 [DEBUG] [Slf4JLogger.java:debug:71] sun.misc.Unsafe.copyMemory: available
17/05/2017 à 08:02:16 [DEBUG] [Slf4JLogger.java:debug:71] java.nio.Buffer.address: available
17/05/2017 à 08:02:16 [DEBUG] [Slf4JLogger.java:debug:71] direct buffer constructor: available
17/05/2017 à 08:02:16 [DEBUG] [Slf4JLogger.java:debug:76] java.nio.Bits.unaligned: available, true
17/05/2017 à 08:02:16 [DEBUG] [Slf4JLogger.java:debug:76] java.nio.DirectByteBuffer.<init>(long, int): available
17/05/2017 à 08:02:16 [DEBUG] [Slf4JLogger.java:debug:71] java.nio.ByteBuffer.cleaner(): available
17/05/2017 à 08:02:16 [DEBUG] [Slf4JLogger.java:debug:71] Platform: Windows
17/05/2017 à 08:02:16 [DEBUG] [Slf4JLogger.java:debug:76] Java version: 8
17/05/2017 à 08:02:16 [DEBUG] [Slf4JLogger.java:debug:76] sun.misc.Unsafe: available
17/05/2017 à 08:02:16 [DEBUG] [Slf4JLogger.java:debug:76] -Dio.netty.tmpdir: C:\Users\hp\AppData\Local\Temp (java.io.tmpdir)
17/05/2017 à 08:02:16 [DEBUG] [Slf4JLogger.java:debug:76] -Dio.netty.bitMode: 64 (sun.arch.data.model)
17/05/2017 à 08:02:16 [DEBUG] [Slf4JLogger.java:debug:76] -Dio.netty.noPreferDirect: false
17/05/2017 à 08:02:16 [DEBUG] [Slf4JLogger.java:debug:76] io.netty.maxDirectMemory: 1897922560 bytes
17/05/2017 à 08:02:16 [DEBUG] [Slf4JLogger.java:debug:76] -Dio.netty.noKeySetOptimization: false
17/05/2017 à 08:02:16 [DEBUG] [Slf4JLogger.java:debug:76] -Dio.netty.selectorAutoRebuildThreshold: 512
17/05/2017 à 08:02:16 [DEBUG] [Slf4JLogger.java:debug:71] org.jctools-core.MpscChunkedArrayQueue: available
17/05/2017 à 08:02:19 [DEBUG] [Slf4JLogger.java:debug:76] -Dio.netty.processId: 8456 (auto-detected)
17/05/2017 à 08:02:19 [DEBUG] [Slf4JLogger.java:debug:76] -Djava.net.preferIPv4Stack: false
17/05/2017 à 08:02:19 [DEBUG] [Slf4JLogger.java:debug:76] -Djava.net.preferIPv6Addresses: false
17/05/2017 à 08:02:19 [DEBUG] [Slf4JLogger.java:debug:86] Loopback interface: lo (Software Loopback Interface 1, 127.0.0.1)
17/05/2017 à 08:02:19 [DEBUG] [Slf4JLogger.java:debug:81] \proc\sys\net\core\somaxconn: 200 (non-existent)
17/05/2017 à 08:02:19 [DEBUG] [Slf4JLogger.java:debug:76] -Dio.netty.machineId: 3c:d9:2b:ff:fe:25:f6:29 (auto-detected)
17/05/2017 à 08:02:19 [DEBUG] [Slf4JLogger.java:debug:81] -Dio.netty.leakDetection.level: simple
17/05/2017 à 08:02:19 [DEBUG] [Slf4JLogger.java:debug:81] -Dio.netty.leakDetection.maxRecords: 4
17/05/2017 à 08:02:19 [DEBUG] [Slf4JLogger.java:debug:76] -Dio.netty.allocator.numHeapArenas: 8
17/05/2017 à 08:02:19 [DEBUG] [Slf4JLogger.java:debug:76] -Dio.netty.allocator.numDirectArenas: 8
17/05/2017 à 08:02:19 [DEBUG] [Slf4JLogger.java:debug:76] -Dio.netty.allocator.pageSize: 8192
17/05/2017 à 08:02:19 [DEBUG] [Slf4JLogger.java:debug:76] -Dio.netty.allocator.maxOrder: 11
17/05/2017 à 08:02:19 [DEBUG] [Slf4JLogger.java:debug:76] -Dio.netty.allocator.chunkSize: 16777216
17/05/2017 à 08:02:19 [DEBUG] [Slf4JLogger.java:debug:76] -Dio.netty.allocator.tinyCacheSize: 512
17/05/2017 à 08:02:19 [DEBUG] [Slf4JLogger.java:debug:76] -Dio.netty.allocator.smallCacheSize: 256
17/05/2017 à 08:02:19 [DEBUG] [Slf4JLogger.java:debug:76] -Dio.netty.allocator.normalCacheSize: 64
17/05/2017 à 08:02:19 [DEBUG] [Slf4JLogger.java:debug:76] -Dio.netty.allocator.maxCachedBufferCapacity: 32768
17/05/2017 à 08:02:19 [DEBUG] [Slf4JLogger.java:debug:76] -Dio.netty.allocator.cacheTrimInterval: 8192
17/05/2017 à 08:02:19 [DEBUG] [Slf4JLogger.java:debug:76] -Dio.netty.allocator.useCacheForAllThreads: true
17/05/2017 à 08:02:19 [DEBUG] [Slf4JLogger.java:debug:76] -Dio.netty.allocator.type: pooled
17/05/2017 à 08:02:19 [DEBUG] [Slf4JLogger.java:debug:76] -Dio.netty.threadLocalDirectBufferSize: 65536
17/05/2017 à 08:02:19 [DEBUG] [Slf4JLogger.java:debug:76] -Dio.netty.maxThreadLocalCharBufferSize: 16384
17/05/2017 à 08:02:19 [WARN ] [Slf4JLogger.java:warn:146] Unknown channel option 'TCP_NODELAY' for channel '[id: 0x01420796]'
17/05/2017 à 08:02:19 [INFO ] [Iso8583Server.java:lambda$start$0:32] Server is started and listening at /0:0:0:0:0:0:0:0:1011
17/05/2017 à 08:03:15 [DEBUG] [ConfigParser.java:createFromClasspathConfig:88] ISO8583 Parsing config from classpath file j8583.xml
17/05/2017 à 08:03:15 [INFO ] [AbstractIso8583Connector.java:init:69] Initializing
17/05/2017 à 08:03:16 [DEBUG] [Slf4JLogger.java:debug:71] Using SLF4J as the default logging framework
17/05/2017 à 08:03:16 [DEBUG] [Slf4JLogger.java:debug:76] -Dio.netty.eventLoopThreads: 8
17/05/2017 à 08:03:16 [DEBUG] [Slf4JLogger.java:debug:76] -Dio.netty.noUnsafe: false
17/05/2017 à 08:03:16 [DEBUG] [Slf4JLogger.java:debug:71] sun.misc.Unsafe.theUnsafe: available
17/05/2017 à 08:03:16 [DEBUG] [Slf4JLogger.java:debug:71] sun.misc.Unsafe.copyMemory: available
17/05/2017 à 08:03:16 [DEBUG] [Slf4JLogger.java:debug:71] java.nio.Buffer.address: available
17/05/2017 à 08:03:16 [DEBUG] [Slf4JLogger.java:debug:71] direct buffer constructor: available
17/05/2017 à 08:03:16 [DEBUG] [Slf4JLogger.java:debug:76] java.nio.Bits.unaligned: available, true
17/05/2017 à 08:03:16 [DEBUG] [Slf4JLogger.java:debug:76] java.nio.DirectByteBuffer.<init>(long, int): available
17/05/2017 à 08:03:16 [DEBUG] [Slf4JLogger.java:debug:71] java.nio.ByteBuffer.cleaner(): available
17/05/2017 à 08:03:16 [DEBUG] [Slf4JLogger.java:debug:71] Platform: Windows
17/05/2017 à 08:03:16 [DEBUG] [Slf4JLogger.java:debug:76] Java version: 8
17/05/2017 à 08:03:16 [DEBUG] [Slf4JLogger.java:debug:76] sun.misc.Unsafe: available
17/05/2017 à 08:03:16 [DEBUG] [Slf4JLogger.java:debug:76] -Dio.netty.tmpdir: C:\Users\hp\AppData\Local\Temp (java.io.tmpdir)
17/05/2017 à 08:03:16 [DEBUG] [Slf4JLogger.java:debug:76] -Dio.netty.bitMode: 64 (sun.arch.data.model)
17/05/2017 à 08:03:16 [DEBUG] [Slf4JLogger.java:debug:76] -Dio.netty.noPreferDirect: false
17/05/2017 à 08:03:16 [DEBUG] [Slf4JLogger.java:debug:76] io.netty.maxDirectMemory: 1897922560 bytes
17/05/2017 à 08:03:16 [DEBUG] [Slf4JLogger.java:debug:76] -Dio.netty.noKeySetOptimization: false
17/05/2017 à 08:03:16 [DEBUG] [Slf4JLogger.java:debug:76] -Dio.netty.selectorAutoRebuildThreshold: 512
17/05/2017 à 08:03:16 [DEBUG] [Slf4JLogger.java:debug:71] org.jctools-core.MpscChunkedArrayQueue: available
17/05/2017 à 08:03:16 [DEBUG] [Slf4JLogger.java:debug:76] -Dio.netty.processId: 7732 (auto-detected)
17/05/2017 à 08:03:16 [DEBUG] [Slf4JLogger.java:debug:76] -Djava.net.preferIPv4Stack: false
17/05/2017 à 08:03:16 [DEBUG] [Slf4JLogger.java:debug:76] -Djava.net.preferIPv6Addresses: false
17/05/2017 à 08:03:17 [DEBUG] [Slf4JLogger.java:debug:86] Loopback interface: lo (Software Loopback Interface 1, 127.0.0.1)
17/05/2017 à 08:03:17 [DEBUG] [Slf4JLogger.java:debug:81] \proc\sys\net\core\somaxconn: 200 (non-existent)
17/05/2017 à 08:03:17 [DEBUG] [Slf4JLogger.java:debug:76] -Dio.netty.machineId: 3c:d9:2b:ff:fe:25:f6:29 (auto-detected)
17/05/2017 à 08:03:17 [DEBUG] [Slf4JLogger.java:debug:81] -Dio.netty.leakDetection.level: simple
17/05/2017 à 08:03:17 [DEBUG] [Slf4JLogger.java:debug:81] -Dio.netty.leakDetection.maxRecords: 4
17/05/2017 à 08:03:17 [DEBUG] [Slf4JLogger.java:debug:76] -Dio.netty.allocator.numHeapArenas: 8
17/05/2017 à 08:03:17 [DEBUG] [Slf4JLogger.java:debug:76] -Dio.netty.allocator.numDirectArenas: 8
17/05/2017 à 08:03:17 [DEBUG] [Slf4JLogger.java:debug:76] -Dio.netty.allocator.pageSize: 8192
17/05/2017 à 08:03:17 [DEBUG] [Slf4JLogger.java:debug:76] -Dio.netty.allocator.maxOrder: 11
17/05/2017 à 08:03:17 [DEBUG] [Slf4JLogger.java:debug:76] -Dio.netty.allocator.chunkSize: 16777216
17/05/2017 à 08:03:17 [DEBUG] [Slf4JLogger.java:debug:76] -Dio.netty.allocator.tinyCacheSize: 512
17/05/2017 à 08:03:17 [DEBUG] [Slf4JLogger.java:debug:76] -Dio.netty.allocator.smallCacheSize: 256
17/05/2017 à 08:03:17 [DEBUG] [Slf4JLogger.java:debug:76] -Dio.netty.allocator.normalCacheSize: 64
17/05/2017 à 08:03:17 [DEBUG] [Slf4JLogger.java:debug:76] -Dio.netty.allocator.maxCachedBufferCapacity: 32768
17/05/2017 à 08:03:17 [DEBUG] [Slf4JLogger.java:debug:76] -Dio.netty.allocator.cacheTrimInterval: 8192
17/05/2017 à 08:03:17 [DEBUG] [Slf4JLogger.java:debug:76] -Dio.netty.allocator.useCacheForAllThreads: true
17/05/2017 à 08:03:17 [DEBUG] [Slf4JLogger.java:debug:76] -Dio.netty.allocator.type: pooled
17/05/2017 à 08:03:17 [DEBUG] [Slf4JLogger.java:debug:76] -Dio.netty.threadLocalDirectBufferSize: 65536
17/05/2017 à 08:03:17 [DEBUG] [Slf4JLogger.java:debug:76] -Dio.netty.maxThreadLocalCharBufferSize: 16384
17/05/2017 à 08:03:17 [WARN ] [Slf4JLogger.java:warn:146] Unknown channel option 'TCP_NODELAY' for channel '[id: 0xdb8d57f1]'
17/05/2017 à 08:03:17 [INFO ] [Iso8583Server.java:lambda$start$0:32] Server is started and listening at /0:0:0:0:0:0:0:0:1011
